<?xml version="1.0" encoding="UTF-8"?>
<testsuite xmlns:xsi="http://www.w3.org/2001/XMLSchema-instance" xsi:noNamespaceSchemaLocation="https://maven.apache.org/surefire/maven-surefire-plugin/xsd/surefire-test-report.xsd" name="mflix.api.daos.TimeoutsTest" time="1.011" tests="2" errors="2" skipped="0" failures="0">
  <properties>
[...]
</properties>
  <testcase name="testConfiguredConnectionTimeoutMs" classname="mflix.api.daos.TimeoutsTest" time="0.282">
    <error type="java.lang.NullPointerException">java.lang.NullPointerException
	at mflix.api.daos.TimeoutsTest.testConfiguredConnectionTimeoutMs(TimeoutsTest.java:57)
</error>
    <system-out><![CDATA[2019-02-14 10:33:55.141  INFO 3720 --- [           main] .b.t.c.SpringBootTestContextBootstrapper : Neither @ContextConfiguration nor @ContextHierarchy found for test class [mflix.api.daos.TimeoutsTest], using SpringBootContextLoader
2019-02-14 10:33:55.142  INFO 3720 --- [           main] o.s.t.c.support.AbstractContextLoader    : Could not detect default resource locations for test class [mflix.api.daos.TimeoutsTest]: no resource found for suffixes {-context.xml, Context.groovy}.
2019-02-14 10:33:55.147  INFO 3720 --- [           main] .b.t.c.SpringBootTestContextBootstrapper : Loaded default TestExecutionListener class names from location [META-INF/spring.factories]: [org.springframework.boot.test.mock.mockito.MockitoTestExecutionListener, org.springframework.boot.test.mock.mockito.ResetMocksTestExecutionListener, org.springframework.boot.test.autoconfigure.restdocs.RestDocsTestExecutionListener, org.springframework.boot.test.autoconfigure.web.client.MockRestServiceServerResetTestExecutionListener, org.springframework.boot.test.autoconfigure.web.servlet.MockMvcPrintOnlyOnFailureTestExecutionListener, org.springframework.boot.test.autoconfigure.web.servlet.WebDriverTestExecutionListener, org.springframework.test.context.web.ServletTestExecutionListener, org.springframework.test.context.support.DirtiesContextBeforeModesTestExecutionListener, org.springframework.test.context.support.DependencyInjectionTestExecutionListener, org.springframework.test.context.support.DirtiesContextTestExecutionListener, org.springframework.test.context.transaction.TransactionalTestExecutionListener, org.springframework.test.context.jdbc.SqlScriptsTestExecutionListener]
2019-02-14 10:33:55.149  INFO 3720 --- [           main] .b.t.c.SpringBootTestContextBootstrapper : Using TestExecutionListeners: [org.springframework.test.context.web.ServletTestExecutionListener@109a2025, org.springframework.test.context.support.DirtiesContextBeforeModesTestExecutionListener@2241f05b, org.springframework.boot.test.mock.mockito.MockitoTestExecutionListener@761956ac, org.springframework.boot.test.autoconfigure.SpringBootDependencyInjectionTestExecutionListener@71978f46, org.springframework.test.context.support.DirtiesContextTestExecutionListener@304d0259, org.springframework.boot.test.mock.mockito.ResetMocksTestExecutionListener@1d23ff23, org.springframework.boot.test.autoconfigure.restdocs.RestDocsTestExecutionListener@2133661d, org.springframework.boot.test.autoconfigure.web.client.MockRestServiceServerResetTestExecutionListener@6c9320c2, org.springframework.boot.test.autoconfigure.web.servlet.MockMvcPrintOnlyOnFailureTestExecutionListener@3414a8c3, org.springframework.boot.test.autoconfigure.web.servlet.WebDriverTestExecutionListener@36cc9385]

  .   ____          _            __ _ _
 /\\ / ___'_ __ _ _(_)_ __  __ _ \ \ \ \
( ( )\___ | '_ | '_| | '_ \/ _` | \ \ \ \
 \\/  ___)| |_)| | | | | || (_| |  ) ) ) )
  '  |____| .__|_| |_|_| |_\__, | / / / /
 =========|_|==============|___/=/_/_/_/
 :: Spring Boot ::        (v2.0.4.RELEASE)

2019-02-14 10:33:55.179  INFO 3720 --- [           main] mflix.api.daos.TimeoutsTest              : Starting TimeoutsTest on PCES14 with PID 3720 (started by gonzalez.gonzalo in /home/user/Documents/workspace/mongo/mflix-java/mflix)
2019-02-14 10:33:55.180  INFO 3720 --- [           main] mflix.api.daos.TimeoutsTest              : No active profile set, falling back to default profiles: default
2019-02-14 10:33:55.181  INFO 3720 --- [           main] o.s.w.c.s.GenericWebApplicationContext   : Refreshing org.springframework.web.context.support.GenericWebApplicationContext@7979b8b7: startup date [Thu Feb 14 10:33:55 CET 2019]; root of context hierarchy
2019-02-14 10:33:55.489  INFO 3720 --- [           main] org.mongodb.driver.cluster               : Cluster created with settings {hosts=[mflix-shard-00-00-hd0ou.mongodb.net:27017, mflix-shard-00-01-hd0ou.mongodb.net:27017, mflix-shard-00-02-hd0ou.mongodb.net:27017], mode=MULTIPLE, requiredClusterType=REPLICA_SET, serverSelectionTimeout='30000 ms', maxWaitQueueSize=500, requiredReplicaSetName='mflix-shard-0'}
2019-02-14 10:33:55.489  INFO 3720 --- [           main] org.mongodb.driver.cluster               : Adding discovered server mflix-shard-00-00-hd0ou.mongodb.net:27017 to client view of cluster
2019-02-14 10:33:55.490  INFO 3720 --- [           main] org.mongodb.driver.cluster               : Adding discovered server mflix-shard-00-01-hd0ou.mongodb.net:27017 to client view of cluster
2019-02-14 10:33:55.493  INFO 3720 --- [           main] org.mongodb.driver.cluster               : Adding discovered server mflix-shard-00-02-hd0ou.mongodb.net:27017 to client view of cluster
2019-02-14 10:33:55.571  INFO 3720 --- [           main] o.s.w.s.handler.SimpleUrlHandlerMapping  : Mapped URL path [/**/favicon.ico] onto handler of type [class org.springframework.web.servlet.resource.ResourceHttpRequestHandler]
2019-02-14 10:33:55.618  INFO 3720 --- [           main] s.w.s.m.m.a.RequestMappingHandlerAdapter : Looking for @ControllerAdvice: org.springframework.web.context.support.GenericWebApplicationContext@7979b8b7: startup date [Thu Feb 14 10:33:55 CET 2019]; root of context hierarchy
2019-02-14 10:33:55.626  INFO 3720 --- [           main] s.w.s.m.m.a.RequestMappingHandlerMapping : Mapped "{[/error],produces=[text/html]}" onto public org.springframework.web.servlet.ModelAndView org.springframework.boot.autoconfigure.web.servlet.error.BasicErrorController.errorHtml(javax.servlet.http.HttpServletRequest,javax.servlet.http.HttpServletResponse)
2019-02-14 10:33:55.627  INFO 3720 --- [           main] s.w.s.m.m.a.RequestMappingHandlerMapping : Mapped "{[/error]}" onto public org.springframework.http.ResponseEntity<java.util.Map<java.lang.String, java.lang.Object>> org.springframework.boot.autoconfigure.web.servlet.error.BasicErrorController.error(javax.servlet.http.HttpServletRequest)
2019-02-14 10:33:55.636  INFO 3720 --- [           main] o.s.w.s.handler.SimpleUrlHandlerMapping  : Mapped URL path [/webjars/**] onto handler of type [class org.springframework.web.servlet.resource.ResourceHttpRequestHandler]
2019-02-14 10:33:55.637  INFO 3720 --- [           main] o.s.w.s.handler.SimpleUrlHandlerMapping  : Mapped URL path [/**] onto handler of type [class org.springframework.web.servlet.resource.ResourceHttpRequestHandler]
2019-02-14 10:33:55.650  INFO 3720 --- [           main] o.s.b.a.w.s.WelcomePageHandlerMapping    : Adding welcome page: class path resource [build/index.html]
2019-02-14 10:33:55.706  INFO 3720 --- [           main] .s.s.UserDetailsServiceAutoConfiguration : 

Using generated security password: ad7db970-823b-4c19-b7af-fd14e8cbf93a

2019-02-14 10:33:55.745  INFO 3720 --- [           main] o.s.s.web.DefaultSecurityFilterChain     : Creating filter chain: org.springframework.security.web.util.matcher.AnyRequestMatcher@1, [org.springframework.security.web.context.request.async.WebAsyncManagerIntegrationFilter@1e0a864d, org.springframework.security.web.context.SecurityContextPersistenceFilter@2c8c16c0, org.springframework.security.web.header.HeaderWriterFilter@4601203a, org.springframework.security.web.csrf.CsrfFilter@3c98781a, org.springframework.security.web.authentication.logout.LogoutFilter@7f5b9db, org.springframework.security.web.authentication.UsernamePasswordAuthenticationFilter@71c17a57, org.springframework.security.web.authentication.ui.DefaultLoginPageGeneratingFilter@4b039c6d, org.springframework.security.web.authentication.www.BasicAuthenticationFilter@640ab13c, org.springframework.security.web.savedrequest.RequestCacheAwareFilter@80bfa9d, org.springframework.security.web.servletapi.SecurityContextHolderAwareRequestFilter@47c40b56, org.springframework.security.web.authentication.AnonymousAuthenticationFilter@440e3ce6, org.springframework.security.web.session.SessionManagementFilter@53abfc07, org.springframework.security.web.access.ExceptionTranslationFilter@3f736a16, org.springframework.security.web.access.intercept.FilterSecurityInterceptor@4aa21f9d]
2019-02-14 10:33:55.780  INFO 3720 --- [           main] mflix.api.daos.TimeoutsTest              : Started TimeoutsTest in 0.628 seconds (JVM running for 6.682)
2019-02-14 10:33:55.807  INFO 3720 --- [ngodb.net:27017] org.mongodb.driver.connection            : Opened connection [connectionId{localValue:5, serverValue:39195}] to mflix-shard-00-00-hd0ou.mongodb.net:27017
2019-02-14 10:33:55.807  INFO 3720 --- [ngodb.net:27017] org.mongodb.driver.connection            : Opened connection [connectionId{localValue:6, serverValue:13562}] to mflix-shard-00-01-hd0ou.mongodb.net:27017
2019-02-14 10:33:55.811  INFO 3720 --- [ngodb.net:27017] org.mongodb.driver.connection            : Opened connection [connectionId{localValue:7, serverValue:16681}] to mflix-shard-00-02-hd0ou.mongodb.net:27017
2019-02-14 10:33:55.858  INFO 3720 --- [ngodb.net:27017] org.mongodb.driver.cluster               : Monitor thread successfully connected to server with description ServerDescription{address=mflix-shard-00-01-hd0ou.mongodb.net:27017, type=REPLICA_SET_SECONDARY, state=CONNECTED, ok=true, version=ServerVersion{versionList=[4, 0, 6]}, minWireVersion=0, maxWireVersion=7, maxDocumentSize=16777216, logicalSessionTimeoutMinutes=30, roundTripTimeNanos=50846495, setName='mflix-shard-0', canonicalAddress=mflix-shard-00-01-hd0ou.mongodb.net:27017, hosts=[mflix-shard-00-02-hd0ou.mongodb.net:27017, mflix-shard-00-00-hd0ou.mongodb.net:27017, mflix-shard-00-01-hd0ou.mongodb.net:27017], passives=[], arbiters=[], primary='mflix-shard-00-00-hd0ou.mongodb.net:27017', tagSet=TagSet{[Tag{name='region', value='EU_CENTRAL_1'}, Tag{name='provider', value='AWS'}, Tag{name='nodeType', value='ELECTABLE'}]}, electionId=null, setVersion=1, lastWriteDate=Thu Feb 14 10:33:55 CET 2019, lastUpdateTimeNanos=266182979216112}
2019-02-14 10:33:55.859  INFO 3720 --- [ngodb.net:27017] org.mongodb.driver.cluster               : Monitor thread successfully connected to server with description ServerDescription{address=mflix-shard-00-00-hd0ou.mongodb.net:27017, type=REPLICA_SET_PRIMARY, state=CONNECTED, ok=true, version=ServerVersion{versionList=[4, 0, 6]}, minWireVersion=0, maxWireVersion=7, maxDocumentSize=16777216, logicalSessionTimeoutMinutes=30, roundTripTimeNanos=51590348, setName='mflix-shard-0', canonicalAddress=mflix-shard-00-00-hd0ou.mongodb.net:27017, hosts=[mflix-shard-00-02-hd0ou.mongodb.net:27017, mflix-shard-00-00-hd0ou.mongodb.net:27017, mflix-shard-00-01-hd0ou.mongodb.net:27017], passives=[], arbiters=[], primary='mflix-shard-00-00-hd0ou.mongodb.net:27017', tagSet=TagSet{[Tag{name='region', value='EU_CENTRAL_1'}, Tag{name='provider', value='AWS'}, Tag{name='nodeType', value='ELECTABLE'}]}, electionId=7fffffff0000000000000001, setVersion=1, lastWriteDate=Thu Feb 14 10:33:55 CET 2019, lastUpdateTimeNanos=266182979913803}
2019-02-14 10:33:55.859  INFO 3720 --- [ngodb.net:27017] org.mongodb.driver.cluster               : Setting max election id to 7fffffff0000000000000001 from replica set primary mflix-shard-00-00-hd0ou.mongodb.net:27017
2019-02-14 10:33:55.859  INFO 3720 --- [ngodb.net:27017] org.mongodb.driver.cluster               : Setting max set version to 1 from replica set primary mflix-shard-00-00-hd0ou.mongodb.net:27017
2019-02-14 10:33:55.859  INFO 3720 --- [ngodb.net:27017] org.mongodb.driver.cluster               : Discovered replica set primary mflix-shard-00-00-hd0ou.mongodb.net:27017
2019-02-14 10:33:55.863  INFO 3720 --- [ngodb.net:27017] org.mongodb.driver.cluster               : Monitor thread successfully connected to server with description ServerDescription{address=mflix-shard-00-02-hd0ou.mongodb.net:27017, type=REPLICA_SET_SECONDARY, state=CONNECTED, ok=true, version=ServerVersion{versionList=[4, 0, 6]}, minWireVersion=0, maxWireVersion=7, maxDocumentSize=16777216, logicalSessionTimeoutMinutes=30, roundTripTimeNanos=51596307, setName='mflix-shard-0', canonicalAddress=mflix-shard-00-02-hd0ou.mongodb.net:27017, hosts=[mflix-shard-00-02-hd0ou.mongodb.net:27017, mflix-shard-00-00-hd0ou.mongodb.net:27017, mflix-shard-00-01-hd0ou.mongodb.net:27017], passives=[], arbiters=[], primary='mflix-shard-00-00-hd0ou.mongodb.net:27017', tagSet=TagSet{[Tag{name='nodeType', value='ELECTABLE'}, Tag{name='region', value='EU_CENTRAL_1'}, Tag{name='provider', value='AWS'}]}, electionId=null, setVersion=1, lastWriteDate=Thu Feb 14 10:33:55 CET 2019, lastUpdateTimeNanos=266182983967862}
2019-02-14 10:33:55.960  INFO 3720 --- [           main] org.mongodb.driver.cluster               : Cluster created with settings {hosts=[mflix-shard-00-00-hd0ou.mongodb.net:27017, mflix-shard-00-01-hd0ou.mongodb.net:27017, mflix-shard-00-02-hd0ou.mongodb.net:27017], mode=MULTIPLE, requiredClusterType=REPLICA_SET, serverSelectionTimeout='30000 ms', maxWaitQueueSize=500, requiredReplicaSetName='mflix-shard-0'}
2019-02-14 10:33:55.961  INFO 3720 --- [           main] org.mongodb.driver.cluster               : Adding discovered server mflix-shard-00-00-hd0ou.mongodb.net:27017 to client view of cluster
2019-02-14 10:33:55.967  INFO 3720 --- [           main] org.mongodb.driver.cluster               : Adding discovered server mflix-shard-00-01-hd0ou.mongodb.net:27017 to client view of cluster
2019-02-14 10:33:55.973  INFO 3720 --- [           main] org.mongodb.driver.cluster               : Adding discovered server mflix-shard-00-02-hd0ou.mongodb.net:27017 to client view of cluster
]]></system-out>
  </testcase>
  <testcase name="testConfiguredWtimeout" classname="mflix.api.daos.TimeoutsTest" time="0.088">
    <error type="java.lang.NullPointerException">java.lang.NullPointerException
	at mflix.api.daos.TimeoutsTest.testConfiguredWtimeout(TimeoutsTest.java:48)
</error>
    <system-out><![CDATA[2019-02-14 10:33:56.155  INFO 3720 --- [           main] org.mongodb.driver.cluster               : Cluster created with settings {hosts=[mflix-shard-00-00-hd0ou.mongodb.net:27017, mflix-shard-00-01-hd0ou.mongodb.net:27017, mflix-shard-00-02-hd0ou.mongodb.net:27017], mode=MULTIPLE, requiredClusterType=REPLICA_SET, serverSelectionTimeout='30000 ms', maxWaitQueueSize=500, requiredReplicaSetName='mflix-shard-0'}
2019-02-14 10:33:56.155  INFO 3720 --- [           main] org.mongodb.driver.cluster               : Adding discovered server mflix-shard-00-00-hd0ou.mongodb.net:27017 to client view of cluster
2019-02-14 10:33:56.155  INFO 3720 --- [           main] org.mongodb.driver.cluster               : Adding discovered server mflix-shard-00-01-hd0ou.mongodb.net:27017 to client view of cluster
2019-02-14 10:33:56.156  INFO 3720 --- [           main] org.mongodb.driver.cluster               : Adding discovered server mflix-shard-00-02-hd0ou.mongodb.net:27017 to client view of cluster
]]></system-out>
  </testcase>
</testsuite>